<?xml version="1.0" encoding="UTF-8"?>
<!-- Generated by org.testng.reporters.JUnitReportReporter -->
<testsuite hostname="ArchanaHN" failures="0" tests="1" name="com_ActiTime_Test.UrlCheckingforAllLinks" time="117.935" errors="0" timestamp="2020-11-26T10:46:14 IST" skipped="0">
  <testcase classname="com_ActiTime_Test.UrlCheckingforAllLinks" name="testA" time="117.935"/>
</testsuite> <!-- com_ActiTime_Test.UrlCheckingforAllLinks -->
