<?xml version="1.0" encoding="UTF-8"?>
<!-- Generated by org.testng.reporters.JUnitReportReporter -->
<testsuite hostname="ArchanaHN" failures="0" tests="1" name="com_ActiTime_Test.FaceBookTest" time="10.856" errors="0" timestamp="2020-11-26T13:44:10 IST" skipped="0">
  <testcase classname="com_ActiTime_Test.FaceBookTest" name="testA" time="10.856"/>
</testsuite> <!-- com_ActiTime_Test.FaceBookTest -->
