<?xml version="1.0" encoding="UTF-8"?>
<!-- Generated by org.testng.reporters.JUnitReportReporter -->
<testsuite hostname="ArchanaHN" failures="0" tests="1" name="com_ActiTime_Test.DemoA" time="1.192" errors="0" timestamp="2020-11-25T11:26:46 IST" skipped="0">
  <testcase classname="com_ActiTime_Test.DemoA" name="testA" time="1.192"/>
</testsuite> <!-- com_ActiTime_Test.DemoA -->
