<?xml version="1.0" encoding="UTF-8"?>
<!-- Generated by org.testng.reporters.JUnitReportReporter -->
<testsuite hostname="ArchanaHN" failures="0" tests="1" name="com_ActiTime_Test.UrlChecking" time="6.529" errors="0" timestamp="2020-11-25T22:50:34 IST" skipped="0">
  <testcase classname="com_ActiTime_Test.UrlChecking" name="testUrl" time="6.529"/>
</testsuite> <!-- com_ActiTime_Test.UrlChecking -->
