<?xml version="1.0" encoding="UTF-8"?>
<!-- Generated by org.testng.reporters.JUnitReportReporter -->
<testsuite hostname="ArchanaHN" failures="0" tests="1" name="com_ActiTime_Test.ActiTimeImageTest" time="32.096" errors="0" timestamp="2020-11-27T12:46:18 IST" skipped="0">
  <testcase classname="com_ActiTime_Test.ActiTimeImageTest" name="image" time="32.096"/>
</testsuite> <!-- com_ActiTime_Test.ActiTimeImageTest -->
